<?xml version="1.0" encoding="UTF-8"?>
<!-- Generated by org.testng.reporters.JUnitReportReporter -->
<testsuite hostname="QAPLANET-PC" name="maven_jenkins_demo.test1" tests="1" failures="0" timestamp="12 Mar 2020 06:47:48 GMT" time="0.009" errors="0">
  <testcase name="method1" time="0.009" classname="maven_jenkins_demo.test1"/>
</testsuite> <!-- maven_jenkins_demo.test1 -->
