<?xml version="1.0" encoding="UTF-8"?>
<!-- Generated by org.testng.reporters.JUnitReportReporter -->
<testsuite hostname="QAPLANET-PC" name="maven_jenkins_demo.test2" tests="1" failures="0" timestamp="12 Mar 2020 06:47:48 GMT" time="0.007" errors="0">
  <testcase name="method2" time="0.007" classname="maven_jenkins_demo.test2"/>
</testsuite> <!-- maven_jenkins_demo.test2 -->
